app/build/outputs/mapping/release/seeds.txt
com.nfcemu.NfcEmuApplication
com.nfcemu.ui.MainActivity
com.nfcemu.hce.NfcEmuHostApduService
com.nfcemu.ui.MainActivity_GeneratedInjector
com.nfcemu.NfcEmuApplication_GeneratedInjector
com.nfcemu.hce.NfcEmuHostApduService_GeneratedInjector
com.nfcemu.hce.NfcEmuHostApduService: com.nfcemu.ndefengine.hce.Type4TagApduProcessor processor
com.nfcemu.hce.NfcEmuHostApduService: int $stable
com.nfcemu.ndefengine.NdefPayload$WifiHandover: com.nfcemu.ndefengine.NdefPayload$WifiHandover$Companion Companion
com.nfcemu.hce.Hilt_NfcEmuHostApduService: boolean injected
com.nfcemu.ndefengine.NdefPayload$VCard: com.nfcemu.ndefengine.NdefPayload$VCard$Companion Companion
com.nfcemu.hce.NfcEmuHostApduService: com.nfcemu.hce.NfcEmuHostApduService$Companion Companion
com.nfcemu.hce.NfcEmuHostApduService: kotlinx.coroutines.CoroutineScope serviceScope
com.nfcemu.hce.Hilt_NfcEmuHostApduService: dagger.hilt.android.internal.managers.ServiceComponentManager componentManager
com.nfcemu.hce.NfcEmuHostApduService: com.nfcemu.domain.ActiveNdefSource activeNdefSource
com.nfcemu.ndefengine.WifiAuthType: com.nfcemu.ndefengine.WifiAuthType$Companion Companion
com.nfcemu.data.Profile: com.nfcemu.data.Profile$Companion Companion
com.nfcemu.ndefengine.NdefPayload$Uri: com.nfcemu.ndefengine.NdefPayload$Uri$Companion Companion
com.nfcemu.ndefengine.AarConfig: com.nfcemu.ndefengine.AarConfig$Companion Companion
com.nfcemu.hce.NfcEmuHostApduService: java.lang.String TAG
com.nfcemu.hce.Hilt_NfcEmuHostApduService: java.lang.Object componentManagerLock
com.nfcemu.ndefengine.NdefPayload: com.nfcemu.ndefengine.NdefPayload$Companion Companion
com.nfcemu.ndefengine.NdefPayload$Text: com.nfcemu.ndefengine.NdefPayload$Text$Companion Companion
com.nfcemu.hce.NfcEmuHostApduService: void onDestroy()
com.nfcemu.NfcEmuApplication: NfcEmuApplication()
com.nfcemu.hce.NfcEmuHostApduService: byte[] processCommandApdu(byte[],android.os.Bundle)
com.nfcemu.ndefengine.hce.Type4TagApduProcessor$SelectedFile: com.nfcemu.ndefengine.hce.Type4TagApduProcessor$SelectedFile[] values()
com.nfcemu.hce.NfcEmuHostApduService: com.nfcemu.ndefengine.hce.Type4TagApduProcessor access$getProcessor$p(com.nfcemu.hce.NfcEmuHostApduService)
com.nfcemu.ndefengine.WifiAuthType: com.nfcemu.ndefengine.WifiAuthType valueOf(java.lang.String)
com.nfcemu.hce.NfcEmuHostApduService: NfcEmuHostApduService()
com.nfcemu.hce.Hilt_NfcEmuHostApduService: void inject()
com.nfcemu.data.Profile$Companion: kotlinx.serialization.KSerializer serializer()
com.nfcemu.ndefengine.NdefPayload$WifiHandover$Companion: kotlinx.serialization.KSerializer serializer()
com.nfcemu.hce.NfcEmuHostApduService: void onDeactivated(int)
com.nfcemu.hce.NfcEmuHostApduService: com.nfcemu.domain.ActiveNdefSource getActiveNdefSource()
com.nfcemu.ndefengine.NdefPayload$Companion: kotlinx.serialization.KSerializer serializer()
com.nfcemu.ndefengine.NdefPayload$Uri$Companion: kotlinx.serialization.KSerializer serializer()
com.nfcemu.hce.Hilt_NfcEmuHostApduService: dagger.hilt.android.internal.managers.ServiceComponentManager componentManager()
com.nfcemu.ndefengine.WifiAuthType: com.nfcemu.ndefengine.WifiAuthType[] values()
com.nfcemu.hce.NfcEmuHostApduService: void onCreate()
com.nfcemu.ndefengine.AarConfig$Companion: kotlinx.serialization.KSerializer serializer()
com.nfcemu.ndefengine.hce.Type4TagApduProcessor$SelectedFile: com.nfcemu.ndefengine.hce.Type4TagApduProcessor$SelectedFile valueOf(java.lang.String)
com.nfcemu.hce.Hilt_NfcEmuHostApduService: dagger.hilt.android.internal.managers.ServiceComponentManager createComponentManager()
com.nfcemu.hce.Hilt_NfcEmuHostApduService: dagger.hilt.internal.GeneratedComponentManager componentManager()
com.nfcemu.ndefengine.NdefPayload$Text$Companion: kotlinx.serialization.KSerializer serializer()
com.nfcemu.ndefengine.NdefPayload$VCard$Companion: kotlinx.serialization.KSerializer serializer()
com.nfcemu.ndefengine.WifiAuthType$Companion: kotlinx.serialization.KSerializer serializer()
...
androidx.compose.ui.text.android.BoringLayoutFactory33: android.text.BoringLayout create(java.lang.CharSequence,android.text.TextPaint,int,android.text.Layout$Alignment,float,float,android.text.BoringLayout$Metrics,boolean,boolean,android.text.TextUtils$TruncateAt,int)
androidx.compose.ui.autofill.AutofillApi26Helper: void setAutofillHints(android.view.ViewStructure,java.lang.String[])
androidx.compose.ui.platform.ComposeView: java.lang.CharSequence getAccessibilityClassName()
android.support.v4.app.RemoteActionCompatParcelizer: void write(androidx.core.app.RemoteActionCompat,androidx.versionedparcelable.VersionedParcel)
kotlin.time.DurationUnit: kotlin.time.DurationUnit[] values()
androidx.datastore.preferences.protobuf.GeneratedMessageLite$MethodToInvoke: androidx.datastore.preferences.protobuf.GeneratedMessageLite$MethodToInvoke[] values()
androidx.datastore.preferences.protobuf.ProtoSyntax: androidx.datastore.preferences.protobuf.ProtoSyntax[] values()
androidx.compose.ui.platform.AndroidComposeViewAccessibilityDelegateCompat$ViewTranslationHelperMethodsS: void onVirtualViewTranslationResponses(androidx.compose.ui.platform.AndroidComposeViewAccessibilityDelegateCompat,android.util.LongSparseArray)
androidx.core.view.ViewCompat$Api29Impl: void setSystemGestureExclusionRects(android.view.View,java.util.List)
androidx.compose.ui.input.pointer.MotionEventHelper: long toRawOffset-dBAh8RU(android.view.MotionEvent,int)
androidx.core.app.NotificationManagerCompat$Api24Impl: int getImportance(android.app.NotificationManager)
androidx.compose.ui.platform.AndroidComposeView: void getLastMatrixRecalculationAnimationTime$ui_release$annotations()
androidx.compose.ui.platform.coreshims.ContentCaptureSessionCompat$Api29Impl: void notifyViewTextChanged(android.view.contentcapture.ContentCaptureSession,android.view.autofill.AutofillId,java.lang.CharSequence)
androidx.compose.ui.platform.coreshims.ContentCaptureSessionCompat$Api34Impl: void notifyViewsAppeared(android.view.contentcapture.ContentCaptureSession,java.util.List)
androidx.compose.ui.platform.AndroidComposeView: androidx.compose.ui.platform.ViewConfiguration getViewConfiguration()
androidx.core.view.accessibility.AccessibilityNodeInfoCompat$Api33Impl: void setTextSelectable(android.view.accessibility.AccessibilityNodeInfo,boolean)
androidx.compose.ui.platform.AndroidComposeView: androidx.compose.ui.node.OwnerSnapshotObserver getSnapshotObserver()
androidx.compose.ui.platform.AbstractComposeView: void setTransitionGroup(boolean)
androidx.compose.ui.focus.CustomDestinationResult: androidx.compose.ui.focus.CustomDestinationResult valueOf(java.lang.String)
androidx.compose.ui.text.platform.Api28Impl: android.text.style.TypefaceSpan createTypefaceSpan(android.graphics.Typeface)
androidx.compose.ui.text.android.StaticLayoutFactory26: void setJustificationMode(android.text.StaticLayout$Builder,int)
androidx.datastore.preferences.protobuf.FieldType: androidx.datastore.preferences.protobuf.FieldType valueOf(java.lang.String)
androidx.compose.ui.platform.RenderNodeVerificationHelper28: int getSpotShadowColor(android.view.RenderNode)
kotlinx.coroutines.channels.BufferOverflow: kotlinx.coroutines.channels.BufferOverflow valueOf(java.lang.String)
androidx.core.view.accessibility.AccessibilityNodeInfoCompat$Api33Impl: androidx.core.view.accessibility.AccessibilityNodeInfoCompat getParent(android.view.accessibility.AccessibilityNodeInfo,int)
androidx.core.view.accessibility.AccessibilityNodeInfoCompat$Api33Impl: boolean isTextSelectable(android.view.accessibility.AccessibilityNodeInfo)
androidx.core.graphics.drawable.IconCompat$Api23Impl: android.graphics.drawable.Icon toIcon(androidx.core.graphics.drawable.IconCompat,android.content.Context)
androidx.core.app.NotificationManagerCompat$Api24Impl: boolean areNotificationsEnabled(android.app.NotificationManager)
androidx.versionedparcelable.CustomVersionedParcelable: CustomVersionedParcelable()