app/build/outputs/mapping/release/mapping.txt
# compiler: R8
# compiler_version: 8.5.35
# min_api: 24
# common_typos_disable
# {"id":"com.android.tools.r8.mapping","version":"2.2"}
# pg_map_id: daf6389
# pg_map_hash: SHA-256 daf6389fdd8e87d9af0e5387f8e6f2dc230f902611d86b63c7804c32e8674b62
com.nfcemu.DaggerNfcEmuApplication_HiltComponents_SingletonC$ActivityCBuilder -> R8$$REMOVED$$CLASS$$201:
# {"id":"sourceFile","fileName":"DaggerNfcEmuApplication_HiltComponents_SingletonC.java"}
com.nfcemu.DaggerNfcEmuApplication_HiltComponents_SingletonC$ActivityCImpl -> S0.a:
# {"id":"sourceFile","fileName":"DaggerNfcEmuApplication_HiltComponents_SingletonC.java"}
com.nfcemu.DaggerNfcEmuApplication_HiltComponents_SingletonC$ActivityRetainedCBuilder -> R8$$REMOVED$$CLASS$$202:
# {"id":"sourceFile","fileName":"DaggerNfcEmuApplication_HiltComponents_SingletonC.java"}
com.nfcemu.DaggerNfcEmuApplication_HiltComponents_SingletonC$ActivityRetainedCImpl -> S0.b:
# {"id":"sourceFile","fileName":"DaggerNfcEmuApplication_HiltComponents_SingletonC.java"}
    com.nfcemu.DaggerNfcEmuApplication_HiltComponents_SingletonC$ActivityRetainedCImpl activityRetainedCImpl -> a
      # {"id":"com.android.tools.r8.residualsignature","signature":"LS0/b;"}
    dagger.internal.Provider provideActivityRetainedLifecycleProvider -> b
      # {"id":"com.android.tools.r8.residualsignature","signature":"Li1/b;"}
    1:3:void com.nfcemu.NfcEmuApplication_HiltComponents$ActivityRetainedC.<init>():0:0 -> <init>
    1:3:void <init>(com.nfcemu.DaggerNfcEmuApplication_HiltComponents_SingletonC$SingletonCImpl,dagger.hilt.android.internal.managers.SavedStateHandleHolder):0 -> <init>
      # {"id":"com.android.tools.r8.residualsignature","signature":"(LS0/d;)V"}
    4:5:void <init>(com.nfcemu.DaggerNfcEmuApplication_HiltComponents_SingletonC$SingletonCImpl,dagger.hilt.android.internal.managers.SavedStateHandleHolder):0:0 -> <init>
    6:9:void initialize(dagger.hilt.android.internal.managers.SavedStateHandleHolder):0:0 -> <init>
    6:9:void <init>(com.nfcemu.DaggerNfcEmuApplication_HiltComponents_SingletonC$SingletonCImpl,dagger.hilt.android.internal.managers.SavedStateHandleHolder):0 -> <init>
com.nfcemu.DaggerNfcEmuApplication_HiltComponents_SingletonC$Builder -> R8$$REMOVED$$CLASS$$203:
# {"id":"sourceFile","fileName":"DaggerNfcEmuApplication_HiltComponents_SingletonC.java"}
com.nfcemu.DaggerNfcEmuApplication_HiltComponents_SingletonC$ServiceCBuilder -> R8$$REMOVED$$CLASS$$204:
# {"id":"sourceFile","fileName":"DaggerNfcEmuApplication_HiltComponents_SingletonC.java"}
com.nfcemu.DaggerNfcEmuApplication_HiltComponents_SingletonC$ServiceCImpl -> S0.c:
# {"id":"sourceFile","fileName":"DaggerNfcEmuApplication_HiltComponents_SingletonC.java"}
    com.nfcemu.DaggerNfcEmuApplication_HiltComponents_SingletonC$SingletonCImpl singletonCImpl -> a
      # {"id":"com.android.tools.r8.residualsignature","signature":"LS0/d;"}
    1:3:void com.nfcemu.NfcEmuApplication_HiltComponents$ServiceC.<init>():0:0 -> <init>
    1:3:void <init>(com.nfcemu.DaggerNfcEmuApplication_HiltComponents_SingletonC$SingletonCImpl,android.app.Service):0 -> <init>
      # {"id":"com.android.tools.r8.residualsignature","signature":"(LS0/d;)V"}
    4:6:void <init>(com.nfcemu.DaggerNfcEmuApplication_HiltComponents_SingletonC$SingletonCImpl,android.app.Service):0:0 -> <init>
...
androidx.compose.runtime.SnapshotMutableStateImpl$StateStateRecord -> u.w0:
# {"id":"sourceFile","fileName":"SnapshotState.kt"}
    java.lang.Object value -> c
    1:6:void <init>(java.lang.Object):0:0 -> <init>
    1:12:void assign(androidx.compose.runtime.snapshots.StateRecord):0:0 -> a
      # {"id":"com.android.tools.r8.residualsignature","signature":"(LD/x;)V"}
    1:8:androidx.compose.runtime.snapshots.StateRecord create():0:0 -> b
      # {"id":"com.android.tools.r8.residualsignature","signature":"()LD/x;"}
androidx.compose.runtime.SnapshotMutationPolicy -> u.x0:
# {"id":"sourceFile","fileName":"SnapshotMutationPolicy.kt"}
    boolean equivalent(java.lang.Object,java.lang.Object) -> a
androidx.compose.runtime.SnapshotStateKt__DerivedStateKt -> u.y0:
# {"id":"sourceFile","fileName":"DerivedState.kt"}
    androidx.compose.runtime.SnapshotThreadLocal calculationBlockNestedLevel -> a
      # {"id":"com.android.tools.r8.residualsignature","signature":"LC/c;"}
    androidx.compose.runtime.SnapshotThreadLocal derivedStateObservers -> b
      # {"id":"com.android.tools.r8.residualsignature","signature":"LC/c;"}
    1:16:void <clinit>():0:0 -> <clinit>
androidx.compose.runtime.SnapshotStateKt__SnapshotStateKt -> R8$$REMOVED$$CLASS$$28:
# {"id":"sourceFile","fileName":"SnapshotState.kt"}
androidx.compose.runtime.State -> u.z0:
# {"id":"sourceFile","fileName":"SnapshotState.kt"}
    java.lang.Object getValue() -> getValue
androidx.compose.runtime.StaticProvidableCompositionLocal -> u.A0:
# {"id":"sourceFile","fileName":"CompositionLocal.kt"}
    3:19:androidx.compose.runtime.State updatedStateOf$runtime_release(java.lang.Object,androidx.compose.runtime.State):0:0 -> b
      # {"id":"com.android.tools.r8.residualsignature","signature":"(Ljava/lang/Object;Lu/z0;)Lu/z0;"}
androidx.compose.runtime.StaticValueHolder -> u.B0:
# {"id":"sourceFile","fileName":"ValueHolders.kt"}
    java.lang.Object value -> a
    1:6:void <init>(java.lang.Object):0:0 -> <init>
    5:24:boolean equals(java.lang.Object):0:0 -> equals
    1:3:java.lang.Object getValue():0:0 -> getValue
    1:11:int hashCode():0:0 -> hashCode
    1:22:java.lang.String toString():0:0 -> toString
androidx.compose.runtime.Trace -> R8$$REMOVED$$CLASS$$29:
# {"id":"sourceFile","fileName":"ActualAndroid.android.kt"}
androidx.compose.runtime.WeakReference -> u.C0:
# {"id":"sourceFile","fileName":"ActualJvm.jvm.kt"}
androidx.compose.runtime.changelist.ChangeList -> v.a:
# {"id":"sourceFile","fileName":"ChangeList.kt"}
    androidx.compose.runtime.changelist.Operations operations -> a
      # {"id":"com.android.tools.r8.residualsignature","signature":"Lv/C;"}
    1:11:void <init>():0:0 -> <init>
    1:6:void executeAndFlushAllPendingChanges(androidx.compose.runtime.Applier,androidx.compose.runtime.SlotWriter,androidx.compose.runtime.RememberManager):0:0 -> a
      # {"id":"com.android.tools.r8.residualsignature","signature":"(Lu/d;Lu/u0;LI/b;)V"}