app/build/outputs/mapping/release/usage.txt
com.nfcemu.DaggerNfcEmuApplication_HiltComponents_SingletonC$ActivityCImpl:
    public dagger.hilt.android.internal.builders.FragmentComponentBuilder fragmentComponentBuilder()
    public dagger.hilt.android.internal.lifecycle.DefaultViewModelFactories$InternalFactoryFactory getHiltInternalFactoryFactory()
    public dagger.hilt.android.internal.builders.ViewModelComponentBuilder getViewModelComponentBuilder()
    public java.util.Map getViewModelKeys()
    public dagger.hilt.android.internal.builders.ViewComponentBuilder viewComponentBuilder()
com.nfcemu.DaggerNfcEmuApplication_HiltComponents_SingletonC$FragmentCBuilder
com.nfcemu.DaggerNfcEmuApplication_HiltComponents_SingletonC$FragmentCImpl
com.nfcemu.DaggerNfcEmuApplication_HiltComponents_SingletonC$SingletonCImpl:
    public java.util.Set getDisableFragmentGetContextFix()
com.nfcemu.DaggerNfcEmuApplication_HiltComponents_SingletonC$ViewCBuilder
com.nfcemu.DaggerNfcEmuApplication_HiltComponents_SingletonC$ViewCImpl
com.nfcemu.DaggerNfcEmuApplication_HiltComponents_SingletonC$ViewModelCBuilder
com.nfcemu.DaggerNfcEmuApplication_HiltComponents_SingletonC$ViewModelCImpl
com.nfcemu.DaggerNfcEmuApplication_HiltComponents_SingletonC$ViewWithFragmentCBuilder
com.nfcemu.DaggerNfcEmuApplication_HiltComponents_SingletonC$ViewWithFragmentCImpl
com.nfcemu.DaggerNfcEmuApplication_HiltComponents_SingletonC:
    private void <init>()
com.nfcemu.Hilt_NfcEmuApplication:
    public synthetic bridge dagger.hilt.internal.GeneratedComponentManager componentManager()
com.nfcemu.NfcEmuApplication:
    public final com.nfcemu.data.ProfileRepository getProfileRepository()
    public final void setProfileRepository(com.nfcemu.data.ProfileRepository)
com.nfcemu.NfcEmuApplication_ComponentTreeDeps
com.nfcemu.NfcEmuApplication_HiltComponents$ActivityC$Builder
com.nfcemu.NfcEmuApplication_HiltComponents$ActivityCBuilderModule
com.nfcemu.NfcEmuApplication_HiltComponents$ActivityRetainedC$Builder
com.nfcemu.NfcEmuApplication_HiltComponents$ActivityRetainedCBuilderModule
com.nfcemu.NfcEmuApplication_HiltComponents$FragmentC$Builder
com.nfcemu.NfcEmuApplication_HiltComponents$FragmentC
com.nfcemu.NfcEmuApplication_HiltComponents$FragmentCBuilderModule
com.nfcemu.NfcEmuApplication_HiltComponents$ServiceC$Builder
com.nfcemu.NfcEmuApplication_HiltComponents$ServiceCBuilderModule
com.nfcemu.NfcEmuApplication_HiltComponents$ViewC$Builder
com.nfcemu.NfcEmuApplication_HiltComponents$ViewC
com.nfcemu.NfcEmuApplication_HiltComponents$ViewCBuilderModule
com.nfcemu.NfcEmuApplication_HiltComponents$ViewModelC$Builder
com.nfcemu.NfcEmuApplication_HiltComponents$ViewModelC
com.nfcemu.NfcEmuApplication_HiltComponents$ViewModelCBuilderModule
com.nfcemu.NfcEmuApplication_HiltComponents$ViewWithFragmentC$Builder
com.nfcemu.NfcEmuApplication_HiltComponents$ViewWithFragmentC
com.nfcemu.NfcEmuApplication_HiltComponents$ViewWithFragmentCBuilderModule
com.nfcemu.NfcEmuApplication_HiltComponents
com.nfcemu.NfcEmuApplication_MembersInjector:
    private final javax.inject.Provider profileRepositoryProvider
    public void <init>(javax.inject.Provider)
    public static dagger.MembersInjector create(javax.inject.Provider)
    public void injectMembers(com.nfcemu.NfcEmuApplication)
    public synthetic bridge void injectMembers(java.lang.Object)
com.nfcemu.R$color
com.nfcemu.R$drawable
com.nfcemu.R$mipmap
com.nfcemu.R$string
com.nfcemu.R$style
com.nfcemu.R$xml
com.nfcemu.R
com.nfcemu.data.FileRepository$deleteLibraryEntry$1
com.nfcemu.data.FileRepository$exportProfile$1
com.nfcemu.data.FileRepository$exportProfile$2
com.nfcemu.data.FileRepository$exportRawNdef$1
com.nfcemu.data.FileRepository$exportRawNdef$2
com.nfcemu.data.FileRepository$importProfile$1
com.nfcemu.data.FileRepository$importProfile$2
com.nfcemu.data.FileRepository$loadEntryAsActiveProfile$1
com.nfcemu.data.FileRepository$loadEntryAsActiveProfile$2
com.nfcemu.data.FileRepository$recordLibraryEntry$1
com.nfcemu.data.FileRepository$updateLinkedProfileId$1
...
androidx.compose.material3.TabKt$TabTransition$color$2
androidx.compose.material3.TabKt
androidx.compose.material3.TabPosition
androidx.compose.material3.TabPositionsHolder
androidx.compose.material3.TabRowDefaults$Indicator$1
androidx.compose.material3.TabRowDefaults$PrimaryIndicator$1
androidx.compose.material3.TabRowDefaults$SecondaryIndicator$1
androidx.compose.material3.TabRowDefaults$tabIndicatorOffset$$inlined$debugInspectorInfo$1
androidx.compose.material3.TabRowDefaults$tabIndicatorOffset$2
androidx.compose.material3.TabRowDefaults
androidx.compose.material3.TabRowKt$PrimaryScrollableTabRow$1
androidx.compose.material3.TabRowKt$PrimaryScrollableTabRow$2
androidx.compose.material3.TabRowKt$PrimaryTabRow$1
androidx.compose.material3.TabRowKt$PrimaryTabRow$2
androidx.compose.material3.TabRowKt$ScrollableTabRow$1
androidx.compose.material3.TabRowKt$ScrollableTabRow$2
androidx.compose.material3.TabRowKt$ScrollableTabRowImp$1$1$1$2$3
androidx.compose.material3.TabRowKt$ScrollableTabRowImp$1$1$1$2
androidx.compose.material3.TabRowKt$ScrollableTabRowImp$1$1$1
androidx.compose.material3.TabRowKt$ScrollableTabRowImp$1
androidx.compose.material3.TabRowKt$ScrollableTabRowImp$2
androidx.compose.material3.TabRowKt$SecondaryScrollableTabRow$1
androidx.compose.material3.TabRowKt$SecondaryScrollableTabRow$2
androidx.compose.material3.TabRowKt$SecondaryTabRow$1
androidx.compose.material3.TabRowKt$SecondaryTabRow$2
androidx.compose.material3.TabRowKt$TabRow$1
androidx.compose.material3.TabRowKt$TabRow$2
androidx.compose.material3.TabRowKt$TabRowImpl$1$1
androidx.compose.material3.TabRowKt$TabRowImpl$1$2$1$2
androidx.compose.material3.TabRowKt$TabRowImpl$1$2$1
androidx.compose.material3.TabRowKt$TabRowImpl$1$scope$1$1$tabIndicatorLayout$1
androidx.compose.material3.TabRowKt$TabRowImpl$1$scope$1$1
androidx.compose.material3.TabRowKt$TabRowImpl$1
androidx.compose.material3.TabRowKt$TabRowImpl$2
androidx.compose.material3.TabRowKt$TabRowWithSubcomposeImpl$1$1$1$1$3
androidx.compose.material3.TabRowKt$TabRowWithSubcomposeImpl$1$1$1$1
androidx.compose.material3.TabRowKt$TabRowWithSubcomposeImpl$1$1$1
androidx.compose.material3.TabRowKt$TabRowWithSubcomposeImpl$1
androidx.compose.material3.TabRowKt$TabRowWithSubcomposeImpl$2
androidx.compose.material3.TabRowKt
androidx.compose.material3.TabSlots
androidx.compose.material3.TextFieldColors$copy$11
androidx.compose.material3.TextFieldColors
androidx.compose.material3.TextFieldDefaults$ContainerBox$1
androidx.compose.material3.TextFieldDefaults$DecorationBox$1
androidx.compose.material3.TextFieldDefaults$DecorationBox$2
androidx.compose.material3.TextFieldDefaults$FilledContainerBox$1
androidx.compose.material3.TextFieldDefaults$OutlinedBorderContainerBox$1
androidx.compose.material3.TextFieldDefaults$OutlinedTextFieldDecorationBox$1
androidx.compose.material3.TextFieldDefaults$OutlinedTextFieldDecorationBox$2
androidx.compose.material3.TextFieldDefaults$OutlinedTextFieldDecorationBox$3
androidx.compose.material3.TextFieldDefaults$OutlinedTextFieldDecorationBox$4
androidx.compose.material3.TextFieldDefaults$TextFieldDecorationBox$1
androidx.compose.material3.TextFieldDefaults$TextFieldDecorationBox$2
androidx.compose.material3.TextFieldDefaults$TextFieldDecorationBox$3
androidx.compose.material3.TextFieldDefaults$TextFieldDecorationBox$4
androidx.compose.material3.TextFieldDefaults$indicatorLine$2
androidx.compose.material3.TextFieldDefaults$indicatorLine-gv0btCI$$inlined$debugInspectorInfo$1
androidx.compose.material3.TextFieldDefaults
androidx.compose.material3.TextFieldDefaultsKt
androidx.compose.material3.TextFieldImplKt$CommonDecorationBox$3$1$1
androidx.compose.material3.TextFieldImplKt$CommonDecorationBox$3$WhenMappings
androidx.compose.material3.TextFieldImplKt$CommonDecorationBox$3$borderContainerWithId$1
androidx.compose.material3.TextFieldImplKt$CommonDecorationBox$3$containerWithId$1
androidx.compose.material3.TextFieldImplKt$CommonDecorationBox$3$decoratedLabel$1$1